<?xml version="1.0" encoding="UTF-8"?>
<coverage generated="1690815596259" clover="3.2.0">
  <project timestamp="1690815596259" name="All files">
    <metrics statements="45" coveredstatements="45" conditionals="34" coveredconditionals="30" methods="4" coveredmethods="4" elements="83" coveredelements="79" complexity="0" loc="45" ncloc="45" packages="1" files="2" classes="2"/>
    <file name="constants.js" path="/Users/matiaskochman/dev/personal/code_challenge/cloud_walk/test1/constants.js">
      <metrics statements="1" coveredstatements="1" conditionals="0" coveredconditionals="0" methods="0" coveredmethods="0"/>
      <line num="1" count="1" type="stmt"/>
    </file>
    <file name="parser.js" path="/Users/matiaskochman/dev/personal/code_challenge/cloud_walk/test1/parser.js">
      <metrics statements="44" coveredstatements="44" conditionals="34" coveredconditionals="30" methods="4" coveredmethods="4"/>
      <line num="1" count="1" type="stmt"/>
      <line num="2" count="1" type="stmt"/>
      <line num="3" count="4" type="stmt"/>
      <line num="4" count="4" type="stmt"/>
      <line num="5" count="4" type="stmt"/>
      <line num="6" count="4" type="stmt"/>
      <line num="8" count="4" type="stmt"/>
      <line num="10" count="4" type="stmt"/>
      <line num="11" count="34" type="cond" truecount="2" falsecount="0"/>
      <line num="13" count="7" type="cond" truecount="2" falsecount="0"/>
      <line num="15" count="3" type="stmt"/>
      <line num="16" count="3" type="stmt"/>
      <line num="17" count="3" type="stmt"/>
      <line num="20" count="7" type="stmt"/>
      <line num="28" count="34" type="cond" truecount="4" falsecount="0"/>
      <line num="30" count="16" type="stmt"/>
      <line num="31" count="16" type="cond" truecount="1" falsecount="1"/>
      <line num="33" count="16" type="stmt"/>
      <line num="34" count="16" type="stmt"/>
      <line num="36" count="16" type="cond" truecount="4" falsecount="0"/>
      <line num="38" count="10" type="stmt"/>
      <line num="39" count="10" type="cond" truecount="2" falsecount="0"/>
      <line num="42" count="16" type="cond" truecount="1" falsecount="1"/>
      <line num="44" count="16" type="stmt"/>
      <line num="45" count="16" type="cond" truecount="2" falsecount="0"/>
      <line num="47" count="1" type="cond" truecount="1" falsecount="1"/>
      <line num="49" count="15" type="cond" truecount="2" falsecount="0"/>
      <line num="53" count="16" type="cond" truecount="2" falsecount="0"/>
      <line num="55" count="11" type="stmt"/>
      <line num="56" count="11" type="cond" truecount="2" falsecount="0"/>
      <line num="57" count="3" type="stmt"/>
      <line num="61" count="11" type="stmt"/>
      <line num="67" count="4" type="cond" truecount="1" falsecount="1"/>
      <line num="69" count="4" type="stmt"/>
      <line num="72" count="4" type="stmt"/>
      <line num="74" count="7" type="stmt"/>
      <line num="78" count="4" type="stmt"/>
      <line num="79" count="7" type="stmt"/>
      <line num="81" count="13" type="stmt"/>
      <line num="87" count="4" type="stmt"/>
      <line num="88" count="7" type="stmt"/>
      <line num="89" count="3" type="stmt"/>
      <line num="92" count="4" type="stmt"/>
      <line num="94" count="4" type="stmt"/>
    </file>
  </project>
</coverage>
