{"/Users/matiaskochman/dev/personal/code_challenge/cloud_walk/test1/constants.js": {"path":"/Users/matiaskochman/dev/personal/code_challenge/cloud_walk/test1/constants.js","statementMap":{"0":{"start":{"line":1,"column":0},"end":{"line":31,"column":2}}},"fnMap":{},"branchMap":{},"s":{"0":1},"f":{},"b":{},"_coverageSchema":"1a1c01bbd47fc00a2c39e90264f33305004495a9","hash":"551d789da13dcf965c9ea4dfb29741809aa488ad"}
,"/Users/matiaskochman/dev/personal/code_challenge/cloud_walk/test1/parser.js": {"path":"/Users/matiaskochman/dev/personal/code_challenge/cloud_walk/test1/parser.js","statementMap":{"0":{"start":{"line":1,"column":21},"end":{"line":1,"column":43}},"1":{"start":{"line":2,"column":0},"end":{"line":95,"column":2}},"2":{"start":{"line":3,"column":16},"end":{"line":3,"column":35}},"3":{"start":{"line":4,"column":16},"end":{"line":4,"column":18}},"4":{"start":{"line":5,"column":20},"end":{"line":5,"column":24}},"5":{"start":{"line":6,"column":20},"end":{"line":6,"column":21}},"6":{"start":{"line":8,"column":24},"end":{"line":8,"column":26}},"7":{"start":{"line":10,"column":2},"end":{"line":66,"column":5}},"8":{"start":{"line":11,"column":4},"end":{"line":27,"column":5}},"9":{"start":{"line":13,"column":6},"end":{"line":18,"column":7}},"10":{"start":{"line":15,"column":8},"end":{"line":15,"column":51}},"11":{"start":{"line":16,"column":8},"end":{"line":16,"column":27}},"12":{"start":{"line":17,"column":8},"end":{"line":17,"column":22}},"13":{"start":{"line":20,"column":6},"end":{"line":26,"column":8}},"14":{"start":{"line":28,"column":4},"end":{"line":65,"column":5}},"15":{"start":{"line":30,"column":20},"end":{"line":30,"column":79}},"16":{"start":{"line":31,"column":6},"end":{"line":64,"column":7}},"17":{"start":{"line":33,"column":53},"end":{"line":33,"column":58}},"18":{"start":{"line":34,"column":8},"end":{"line":34,"column":37}},"19":{"start":{"line":36,"column":8},"end":{"line":40,"column":9}},"20":{"start":{"line":38,"column":10},"end":{"line":38,"column":42}},"21":{"start":{"line":39,"column":10},"end":{"line":39,"column":75}},"22":{"start":{"line":42,"column":8},"end":{"line":51,"column":9}},"23":{"start":{"line":44,"column":10},"end":{"line":44,"column":42}},"24":{"start":{"line":45,"column":10},"end":{"line":50,"column":11}},"25":{"start":{"line":47,"column":12},"end":{"line":47,"column":77}},"26":{"start":{"line":49,"column":12},"end":{"line":49,"column":71}},"27":{"start":{"line":53,"column":8},"end":{"line":63,"column":9}},"28":{"start":{"line":55,"column":29},"end":{"line":55,"column":72}},"29":{"start":{"line":56,"column":10},"end":{"line":58,"column":11}},"30":{"start":{"line":57,"column":12},"end":{"line":57,"column":52}},"31":{"start":{"line":61,"column":10},"end":{"line":62,"column":64}},"32":{"start":{"line":67,"column":2},"end":{"line":70,"column":3}},"33":{"start":{"line":69,"column":4},"end":{"line":69,"column":47}},"34":{"start":{"line":72,"column":2},"end":{"line":75,"column":3}},"35":{"start":{"line":74,"column":4},"end":{"line":74,"column":58}},"36":{"start":{"line":78,"column":2},"end":{"line":84,"column":3}},"37":{"start":{"line":79,"column":4},"end":{"line":83,"column":5}},"38":{"start":{"line":81,"column":6},"end":{"line":82,"column":65}},"39":{"start":{"line":87,"column":24},"end":{"line":89,"column":38}},"40":{"start":{"line":88,"column":31},"end":{"line":88,"column":48}},"41":{"start":{"line":89,"column":20},"end":{"line":89,"column":37}},"42":{"start":{"line":92,"column":2},"end":{"line":92,"column":38}},"43":{"start":{"line":94,"column":2},"end":{"line":94,"column":15}}},"fnMap":{"0":{"name":"processLog","decl":{"start":{"line":2,"column":26},"end":{"line":2,"column":36}},"loc":{"start":{"line":2,"column":46},"end":{"line":95,"column":1}},"line":2},"1":{"name":"(anonymous_1)","decl":{"start":{"line":10,"column":16},"end":{"line":10,"column":17}},"loc":{"start":{"line":10,"column":26},"end":{"line":66,"column":3}},"line":10},"2":{"name":"(anonymous_2)","decl":{"start":{"line":88,"column":9},"end":{"line":88,"column":10}},"loc":{"start":{"line":88,"column":31},"end":{"line":88,"column":48}},"line":88},"3":{"name":"(anonymous_3)","decl":{"start":{"line":89,"column":10},"end":{"line":89,"column":11}},"loc":{"start":{"line":89,"column":20},"end":{"line":89,"column":37}},"line":89}},"branchMap":{"0":{"loc":{"start":{"line":11,"column":4},"end":{"line":27,"column":5}},"type":"if","locations":[{"start":{"line":11,"column":4},"end":{"line":27,"column":5}},{"start":{},"end":{}}],"line":11},"1":{"loc":{"start":{"line":13,"column":6},"end":{"line":18,"column":7}},"type":"if","locations":[{"start":{"line":13,"column":6},"end":{"line":18,"column":7}},{"start":{},"end":{}}],"line":13},"2":{"loc":{"start":{"line":28,"column":4},"end":{"line":65,"column":5}},"type":"if","locations":[{"start":{"line":28,"column":4},"end":{"line":65,"column":5}},{"start":{},"end":{}}],"line":28},"3":{"loc":{"start":{"line":28,"column":8},"end":{"line":28,"column":45}},"type":"binary-expr","locations":[{"start":{"line":28,"column":8},"end":{"line":28,"column":19}},{"start":{"line":28,"column":23},"end":{"line":28,"column":45}}],"line":28},"4":{"loc":{"start":{"line":31,"column":6},"end":{"line":64,"column":7}},"type":"if","locations":[{"start":{"line":31,"column":6},"end":{"line":64,"column":7}},{"start":{},"end":{}}],"line":31},"5":{"loc":{"start":{"line":36,"column":8},"end":{"line":40,"column":9}},"type":"if","locations":[{"start":{"line":36,"column":8},"end":{"line":40,"column":9}},{"start":{},"end":{}}],"line":36},"6":{"loc":{"start":{"line":36,"column":12},"end":{"line":36,"column":53}},"type":"binary-expr","locations":[{"start":{"line":36,"column":12},"end":{"line":36,"column":32}},{"start":{"line":36,"column":36},"end":{"line":36,"column":53}}],"line":36},"7":{"loc":{"start":{"line":39,"column":39},"end":{"line":39,"column":69}},"type":"binary-expr","locations":[{"start":{"line":39,"column":39},"end":{"line":39,"column":64}},{"start":{"line":39,"column":68},"end":{"line":39,"column":69}}],"line":39},"8":{"loc":{"start":{"line":42,"column":8},"end":{"line":51,"column":9}},"type":"if","locations":[{"start":{"line":42,"column":8},"end":{"line":51,"column":9}},{"start":{},"end":{}}],"line":42},"9":{"loc":{"start":{"line":45,"column":10},"end":{"line":50,"column":11}},"type":"if","locations":[{"start":{"line":45,"column":10},"end":{"line":50,"column":11}},{"start":{"line":48,"column":17},"end":{"line":50,"column":11}}],"line":45},"10":{"loc":{"start":{"line":47,"column":41},"end":{"line":47,"column":71}},"type":"binary-expr","locations":[{"start":{"line":47,"column":41},"end":{"line":47,"column":66}},{"start":{"line":47,"column":70},"end":{"line":47,"column":71}}],"line":47},"11":{"loc":{"start":{"line":49,"column":40},"end":{"line":49,"column":70}},"type":"binary-expr","locations":[{"start":{"line":49,"column":40},"end":{"line":49,"column":65}},{"start":{"line":49,"column":69},"end":{"line":49,"column":70}}],"line":49},"12":{"loc":{"start":{"line":53,"column":8},"end":{"line":63,"column":9}},"type":"if","locations":[{"start":{"line":53,"column":8},"end":{"line":63,"column":9}},{"start":{},"end":{}}],"line":53},"13":{"loc":{"start":{"line":56,"column":10},"end":{"line":58,"column":11}},"type":"if","locations":[{"start":{"line":56,"column":10},"end":{"line":58,"column":11}},{"start":{},"end":{}}],"line":56},"14":{"loc":{"start":{"line":62,"column":13},"end":{"line":62,"column":58}},"type":"binary-expr","locations":[{"start":{"line":62,"column":13},"end":{"line":62,"column":53}},{"start":{"line":62,"column":57},"end":{"line":62,"column":58}}],"line":62},"15":{"loc":{"start":{"line":67,"column":2},"end":{"line":70,"column":3}},"type":"if","locations":[{"start":{"line":67,"column":2},"end":{"line":70,"column":3}},{"start":{},"end":{}}],"line":67},"16":{"loc":{"start":{"line":82,"column":9},"end":{"line":82,"column":35}},"type":"binary-expr","locations":[{"start":{"line":82,"column":9},"end":{"line":82,"column":30}},{"start":{"line":82,"column":34},"end":{"line":82,"column":35}}],"line":82}},"s":{"0":1,"1":1,"2":4,"3":4,"4":4,"5":4,"6":4,"7":4,"8":33,"9":7,"10":3,"11":3,"12":3,"13":7,"14":33,"15":15,"16":15,"17":15,"18":15,"19":15,"20":10,"21":10,"22":15,"23":15,"24":15,"25":0,"26":15,"27":15,"28":10,"29":10,"30":3,"31":10,"32":4,"33":4,"34":4,"35":7,"36":4,"37":7,"38":13,"39":4,"40":7,"41":3,"42":4,"43":4},"f":{"0":4,"1":33,"2":7,"3":3},"b":{"0":[7,26],"1":[3,4],"2":[15,18],"3":[33,29],"4":[15,0],"5":[10,5],"6":[15,15],"7":[10,7],"8":[15,0],"9":[0,15],"10":[0,0],"11":[15,11],"12":[10,5],"13":[3,7],"14":[10,8],"15":[4,0],"16":[13,10]},"_coverageSchema":"1a1c01bbd47fc00a2c39e90264f33305004495a9","hash":"5363a9cb1c98be65b4a607e4af9d004d425948fd"}
}
