TN:
SF:constants.js
FNF:0
FNH:0
DA:1,1
LF:1
LH:1
BRF:0
BRH:0
end_of_record
TN:
SF:parser.js
FN:2,processLog
FN:10,(anonymous_1)
FN:88,(anonymous_2)
FN:89,(anonymous_3)
FNF:4
FNH:4
FNDA:4,processLog
FNDA:34,(anonymous_1)
FNDA:7,(anonymous_2)
FNDA:3,(anonymous_3)
DA:1,1
DA:2,1
DA:3,4
DA:4,4
DA:5,4
DA:6,4
DA:8,4
DA:10,4
DA:11,34
DA:13,7
DA:15,3
DA:16,3
DA:17,3
DA:20,7
DA:28,34
DA:30,16
DA:31,16
DA:33,16
DA:34,16
DA:36,16
DA:38,10
DA:39,10
DA:42,16
DA:44,16
DA:45,16
DA:47,1
DA:49,15
DA:53,16
DA:55,11
DA:56,11
DA:57,3
DA:61,11
DA:67,4
DA:69,4
DA:72,4
DA:74,7
DA:78,4
DA:79,7
DA:81,13
DA:87,4
DA:88,7
DA:89,3
DA:92,4
DA:94,4
LF:44
LH:44
BRDA:11,0,0,7
BRDA:11,0,1,27
BRDA:13,1,0,3
BRDA:13,1,1,4
BRDA:28,2,0,16
BRDA:28,2,1,18
BRDA:28,3,0,34
BRDA:28,3,1,30
BRDA:31,4,0,16
BRDA:31,4,1,0
BRDA:36,5,0,10
BRDA:36,5,1,6
BRDA:36,6,0,16
BRDA:36,6,1,15
BRDA:39,7,0,10
BRDA:39,7,1,7
BRDA:42,8,0,16
BRDA:42,8,1,0
BRDA:45,9,0,1
BRDA:45,9,1,15
BRDA:47,10,0,1
BRDA:47,10,1,0
BRDA:49,11,0,15
BRDA:49,11,1,11
BRDA:53,12,0,11
BRDA:53,12,1,5
BRDA:56,13,0,3
BRDA:56,13,1,8
BRDA:62,14,0,11
BRDA:62,14,1,9
BRDA:67,15,0,4
BRDA:67,15,1,0
BRDA:82,16,0,13
BRDA:82,16,1,10
BRF:34
BRH:30
end_of_record
